# JRE version: OpenJDK Runtime Environment (17.0.10) (build 17.0.10+0--11609105)
# Java VM: OpenJDK 64-Bit Server VM (17.0.10+0--11609105, mixed mode, tiered, compressed oops, compressed class ptrs, g1 gc, windows-amd64)
GC Precious Log:
 CPUs: 12 total, 12 available
 Memory: 5989M
 Large Page Support: Disabled
 NUMA Support: Disabled
 Compressed Oops: Enabled (32-bit)
 Heap Region Size: 1M
 Heap Min Capacity: 8M
 Heap Initial Capacity: 94M
 Heap Max Capacity: 2G
 Pre-touch: Disabled
 Parallel Workers: 10
 Concurrent Workers: 3
 Concurrent Refinement Workers: 10
 Periodic GC: Disabled
Heap:
 garbage-first heap   total 376832K, used 325810K [0x0000000080000000, 0x0000000100000000)
  region size 1024K, 3 young (3072K), 3 survivors (3072K)
 Metaspace       used 196535K, committed 197696K, reserved 1245184K
  class space    used 25244K, committed 25856K, reserved 1048576K
GC Heap History (20 events):
Event: 57.660 GC heap after
{Heap after GC invocations=91 (full 0):
 garbage-first heap   total 376832K, used 287298K [0x0000000080000000, 0x0000000100000000)
  region size 1024K, 4 young (4096K), 4 survivors (4096K)
 Metaspace       used 194724K, committed 195776K, reserved 1245184K
  class space    used 24997K, committed 25536K, reserved 1048576K
}
Event: 58.067 GC heap before
{Heap before GC invocations=91 (full 0):
 garbage-first heap   total 376832K, used 328258K [0x0000000080000000, 0x0000000100000000)
  region size 1024K, 44 young (45056K), 4 survivors (4096K)
 Metaspace       used 194724K, committed 195776K, reserved 1245184K
  class space    used 24997K, committed 25536K, reserved 1048576K
}
Event: 58.070 GC heap after
{Heap after GC invocations=92 (full 0):
 garbage-first heap   total 376832K, used 288628K [0x0000000080000000, 0x0000000100000000)
  region size 1024K, 4 young (4096K), 4 survivors (4096K)
 Metaspace       used 194724K, committed 195776K, reserved 1245184K
  class space    used 24997K, committed 25536K, reserved 1048576K
}
Event: 58.577 GC heap before
{Heap before GC invocations=92 (full 0):
 garbage-first heap   total 376832K, used 328564K [0x0000000080000000, 0x0000000100000000)
  region size 1024K, 43 young (44032K), 4 survivors (4096K)
 Metaspace       used 194724K, committed 195776K, reserved 1245184K
  class space    used 24997K, committed 25536K, reserved 1048576K
}
Event: 58.581 GC heap after
{Heap after GC invocations=93 (full 0):
 garbage-first heap   total 376832K, used 289885K [0x0000000080000000, 0x0000000100000000)
  region size 1024K, 4 young (4096K), 4 survivors (4096K)
 Metaspace       used 194724K, committed 195776K, reserved 1245184K
  class space    used 24997K, committed 25536K, reserved 1048576K
}
Event: 59.237 GC heap before
{Heap before GC invocations=93 (full 0):
 garbage-first heap   total 376832K, used 327773K [0x0000000080000000, 0x0000000100000000)
  region size 1024K, 42 young (43008K), 4 survivors (4096K)
 Metaspace       used 195167K, committed 196224K, reserved 1245184K
  class space    used 25057K, committed 25600K, reserved 1048576K
}
Event: 59.241 GC heap after
{Heap after GC invocations=94 (full 0):
 garbage-first heap   total 376832K, used 291438K [0x0000000080000000, 0x0000000100000000)
  region size 1024K, 5 young (5120K), 5 survivors (5120K)
 Metaspace       used 195167K, committed 196224K, reserved 1245184K
  class space    used 25057K, committed 25600K, reserved 1048576K
}
Event: 263.599 GC heap before
{Heap before GC invocations=94 (full 0):
 garbage-first heap   total 376832K, used 327278K [0x0000000080000000, 0x0000000100000000)
  region size 1024K, 40 young (40960K), 5 survivors (5120K)
 Metaspace       used 196294K, committed 197440K, reserved 1245184K
  class space    used 25228K, committed 25792K, reserved 1048576K
}
Event: 263.807 GC heap after
{Heap after GC invocations=95 (full 0):
 garbage-first heap   total 376832K, used 293257K [0x0000000080000000, 0x0000000100000000)
  region size 1024K, 2 young (2048K), 2 survivors (2048K)
 Metaspace       used 196294K, committed 197440K, reserved 1245184K
  class space    used 25228K, committed 25792K, reserved 1048576K
}
Event: 266.401 GC heap before
{Heap before GC invocations=95 (full 0):
 garbage-first heap   total 376832K, used 335241K [0x0000000080000000, 0x0000000100000000)
  region size 1024K, 36 young (36864K), 2 survivors (2048K)
 Metaspace       used 196531K, committed 197696K, reserved 1245184K
  class space    used 25244K, committed 25856K, reserved 1048576K
}
Event: 266.413 GC heap after
{Heap after GC invocations=96 (full 0):
 garbage-first heap   total 376832K, used 304357K [0x0000000080000000, 0x0000000100000000)
  region size 1024K, 5 young (5120K), 5 survivors (5120K)
 Metaspace       used 196531K, committed 197696K, reserved 1245184K
  class space    used 25244K, committed 25856K, reserved 1048576K
}
Event: 266.482 GC heap before
{Heap before GC invocations=96 (full 0):
 garbage-first heap   total 376832K, used 328933K [0x0000000080000000, 0x0000000100000000)
  region size 1024K, 29 young (29696K), 5 survivors (5120K)
 Metaspace       used 196531K, committed 197696K, reserved 1245184K
  class space    used 25244K, committed 25856K, reserved 1048576K
}
Event: 266.509 GC heap after
{Heap after GC invocations=97 (full 0):
 garbage-first heap   total 376832K, used 312775K [0x0000000080000000, 0x0000000100000000)
  region size 1024K, 4 young (4096K), 4 survivors (4096K)
 Metaspace       used 196531K, committed 197696K, reserved 1245184K
  class space    used 25244K, committed 25856K, reserved 1048576K
}
Event: 266.578 GC heap before
{Heap before GC invocations=97 (full 0):
 garbage-first heap   total 376832K, used 327111K [0x0000000080000000, 0x0000000100000000)
  region size 1024K, 18 young (18432K), 4 survivors (4096K)
 Metaspace       used 196531K, committed 197696K, reserved 1245184K
  class space    used 25244K, committed 25856K, reserved 1048576K
}
Event: 266.599 GC heap after
{Heap after GC invocations=98 (full 0):
 garbage-first heap   total 376832K, used 311150K [0x0000000080000000, 0x0000000100000000)
  region size 1024K, 3 young (3072K), 3 survivors (3072K)
 Metaspace       used 196531K, committed 197696K, reserved 1245184K
  class space    used 25244K, committed 25856K, reserved 1048576K
}
Event: 266.650 GC heap before
{Heap before GC invocations=98 (full 0):
 garbage-first heap   total 376832K, used 326510K [0x0000000080000000, 0x0000000100000000)
  region size 1024K, 18 young (18432K), 3 survivors (3072K)
 Metaspace       used 196531K, committed 197696K, reserved 1245184K
  class space    used 25244K, committed 25856K, reserved 1048576K
}
Event: 266.656 GC heap after
{Heap after GC invocations=99 (full 0):
 garbage-first heap   total 376832K, used 315847K [0x0000000080000000, 0x0000000100000000)
  region size 1024K, 3 young (3072K), 3 survivors (3072K)
 Metaspace       used 196531K, committed 197696K, reserved 1245184K
  class space    used 25244K, committed 25856K, reserved 1048576K
}
Event: 266.712 GC heap before
{Heap before GC invocations=99 (full 0):
 garbage-first heap   total 376832K, used 331207K [0x0000000080000000, 0x0000000100000000)
  region size 1024K, 18 young (18432K), 3 survivors (3072K)
 Metaspace       used 196535K, committed 197696K, reserved 1245184K
  class space    used 25244K, committed 25856K, reserved 1048576K
}
Event: 266.754 GC heap after
{Heap after GC invocations=100 (full 0):
 garbage-first heap   total 376832K, used 320785K [0x0000000080000000, 0x0000000100000000)
  region size 1024K, 3 young (3072K), 3 survivors (3072K)
 Metaspace       used 196535K, committed 197696K, reserved 1245184K
  class space    used 25244K, committed 25856K, reserved 1048576K
}
Event: 266.836 GC heap before
{Heap before GC invocations=100 (full 0):
 garbage-first heap   total 376832K, used 336145K [0x0000000080000000, 0x0000000100000000)
  region size 1024K, 18 young (18432K), 3 survivors (3072K)
 Metaspace       used 196535K, committed 197696K, reserved 1245184K
  class space    used 25244K, committed 25856K, reserved 1048576K
}

